0 info it worked if it ends with ok
1 verbose cli [ '/home/nourhan/.nvm/v5.5.0/bin/node',
1 verbose cli   '/home/nourhan/.nvm/v5.5.0/bin/npm',
1 verbose cli   'start' ]
2 info using npm@3.3.12
3 info using node@v5.5.0
4 verbose run-script [ 'prestart', 'start', 'poststart' ]
5 info lifecycle sanity-diary@1.0.0~prestart: sanity-diary@1.0.0
6 silly lifecycle sanity-diary@1.0.0~prestart: no script for prestart, continuing
7 info lifecycle sanity-diary@1.0.0~start: sanity-diary@1.0.0
8 verbose lifecycle sanity-diary@1.0.0~start: unsafe-perm in lifecycle true
9 verbose lifecycle sanity-diary@1.0.0~start: PATH: /home/nourhan/.nvm/v5.5.0/lib/node_modules/npm/bin/node-gyp-bin:/home/nourhan/Documents/semester6/SoftwareEngineering/assignment1/31-5601/node_modules/.bin:/home/nourhan/.nvm/v5.5.0/bin:/usr/local/sbin:/usr/local/bin:/usr/sbin:/usr/bin:/sbin:/bin:/usr/games:/usr/local/games:/usr/lib/jvm/jdk1.8.0_66/bin:/usr/lib/jvm/jdk1.8.0_66/db/bin:/usr/lib/jvm/jdk1.8.0_66/jre/bin
10 verbose lifecycle sanity-diary@1.0.0~start: CWD: /home/nourhan/Documents/semester6/SoftwareEngineering/assignment1/31-5601
11 silly lifecycle sanity-diary@1.0.0~start: Args: [ '-c', 'node server.js' ]
12 silly lifecycle sanity-diary@1.0.0~start: Returned: code: 1  signal: null
13 info lifecycle sanity-diary@1.0.0~start: Failed to exec start script
14 verbose stack Error: sanity-diary@1.0.0 start: `node server.js`
14 verbose stack Exit status 1
14 verbose stack     at EventEmitter.<anonymous> (/home/nourhan/.nvm/v5.5.0/lib/node_modules/npm/lib/utils/lifecycle.js:232:16)
14 verbose stack     at emitTwo (events.js:100:13)
14 verbose stack     at EventEmitter.emit (events.js:185:7)
14 verbose stack     at ChildProcess.<anonymous> (/home/nourhan/.nvm/v5.5.0/lib/node_modules/npm/lib/utils/spawn.js:24:14)
14 verbose stack     at emitTwo (events.js:100:13)
14 verbose stack     at ChildProcess.emit (events.js:185:7)
14 verbose stack     at maybeClose (internal/child_process.js:821:16)
14 verbose stack     at Process.ChildProcess._handle.onexit (internal/child_process.js:211:5)
15 verbose pkgid sanity-diary@1.0.0
16 verbose cwd /home/nourhan/Documents/semester6/SoftwareEngineering/assignment1/31-5601
17 error Linux 3.19.0-25-generic
18 error argv "/home/nourhan/.nvm/v5.5.0/bin/node" "/home/nourhan/.nvm/v5.5.0/bin/npm" "start"
19 error node v5.5.0
20 error npm  v3.3.12
21 error code ELIFECYCLE
22 error sanity-diary@1.0.0 start: `node server.js`
22 error Exit status 1
23 error Failed at the sanity-diary@1.0.0 start script 'node server.js'.
23 error Make sure you have the latest version of node.js and npm installed.
23 error If you do, this is most likely a problem with the sanity-diary package,
23 error not with npm itself.
23 error Tell the author that this fails on your system:
23 error     node server.js
23 error You can get their info via:
23 error     npm owner ls sanity-diary
23 error There is likely additional logging output above.
24 verbose exit [ 1, true ]
